reading words in hex from stdin:
  094010001
  094020002
  090430800
  09c040001
  098450800
  098a62000
  09407ffff
  0a0881000
  0a5090004
  0ad2a0002
  0bcab0010
  0a96c1000
  0a8ad1000
  0b8ae1000
  000000000

instruction trace:
at 00, adds  1,r0,r1
  r0: 00000000  r8: 00000000  r10: 00000000  r18: 00000000
  r1: 00000001  r9: 00000000  r11: 00000000  r19: 00000000
  r2: 00000000  ra: 00000000  r12: 00000000  r1a: 00000000
  r3: 00000000  rb: 00000000  r13: 00000000  r1b: 00000000
  r4: 00000000  rc: 00000000  r14: 00000000  r1c: 00000000
  r5: 00000000  rd: 00000000  r15: 00000000  r1d: 00000000
  r6: 00000000  re: 00000000  r16: 00000000  r1e: 00000000
  r7: 00000000  rf: 00000000  r17: 00000000  r1f: 00000000
  cc: 0
at 04, adds  2,r0,r2
  r0: 00000000  r8: 00000000  r10: 00000000  r18: 00000000
  r1: 00000001  r9: 00000000  r11: 00000000  r19: 00000000
  r2: 00000002  ra: 00000000  r12: 00000000  r1a: 00000000
  r3: 00000000  rb: 00000000  r13: 00000000  r1b: 00000000
  r4: 00000000  rc: 00000000  r14: 00000000  r1c: 00000000
  r5: 00000000  rd: 00000000  r15: 00000000  r1d: 00000000
  r6: 00000000  re: 00000000  r16: 00000000  r1e: 00000000
  r7: 00000000  rf: 00000000  r17: 00000000  r1f: 00000000
  cc: 0
at 08, adds  r1,r2,r3
  r0: 00000000  r8: 00000000  r10: 00000000  r18: 00000000
  r1: 00000001  r9: 00000000  r11: 00000000  r19: 00000000
  r2: 00000002  ra: 00000000  r12: 00000000  r1a: 00000000
  r3: 00000003  rb: 00000000  r13: 00000000  r1b: 00000000
  r4: 00000000  rc: 00000000  r14: 00000000  r1c: 00000000
  r5: 00000000  rd: 00000000  r15: 00000000  r1d: 00000000
  r6: 00000000  re: 00000000  r16: 00000000  r1e: 00000000
  r7: 00000000  rf: 00000000  r17: 00000000  r1f: 00000000
  cc: 0
at 0c, subs  1,r0,r4
  r0: 00000000  r8: 00000000  r10: 00000000  r18: 00000000
  r1: 00000001  r9: 00000000  r11: 00000000  r19: 00000000
  r2: 00000002  ra: 00000000  r12: 00000000  r1a: 00000000
  r3: 00000003  rb: 00000000  r13: 00000000  r1b: 00000000
  r4: 00000001  rc: 00000000  r14: 00000000  r1c: 00000000
  r5: 00000000  rd: 00000000  r15: 00000000  r1d: 00000000
  r6: 00000000  re: 00000000  r16: 00000000  r1e: 00000000
  r7: 00000000  rf: 00000000  r17: 00000000  r1f: 00000000
  cc: 0
at 10, subs  r1,r2,r5
  r0: 00000000  r8: 00000000  r10: 00000000  r18: 00000000
  r1: 00000001  r9: 00000000  r11: 00000000  r19: 00000000
  r2: 00000002  ra: 00000000  r12: 00000000  r1a: 00000000
  r3: 00000003  rb: 00000000  r13: 00000000  r1b: 00000000
  r4: 00000001  rc: 00000000  r14: 00000000  r1c: 00000000
  r5: ffffffff  rd: 00000000  r15: 00000000  r1d: 00000000
  r6: 00000000  re: 00000000  r16: 00000000  r1e: 00000000
  r7: 00000000  rf: 00000000  r17: 00000000  r1f: 00000000
  cc: 1
at 14, subs  r4,r5,r6
  r0: 00000000  r8: 00000000  r10: 00000000  r18: 00000000
  r1: 00000001  r9: 00000000  r11: 00000000  r19: 00000000
  r2: 00000002  ra: 00000000  r12: 00000000  r1a: 00000000
  r3: 00000003  rb: 00000000  r13: 00000000  r1b: 00000000
  r4: 00000001  rc: 00000000  r14: 00000000  r1c: 00000000
  r5: ffffffff  rd: 00000000  r15: 00000000  r1d: 00000000
  r6: 00000002  re: 00000000  r16: 00000000  r1e: 00000000
  r7: 00000000  rf: 00000000  r17: 00000000  r1f: 00000000
  cc: 0
at 18, adds  ffff,r0,r7
  r0: 00000000  r8: 00000000  r10: 00000000  r18: 00000000
  r1: 00000001  r9: 00000000  r11: 00000000  r19: 00000000
  r2: 00000002  ra: 00000000  r12: 00000000  r1a: 00000000
  r3: 00000003  rb: 00000000  r13: 00000000  r1b: 00000000
  r4: 00000001  rc: 00000000  r14: 00000000  r1c: 00000000
  r5: ffffffff  rd: 00000000  r15: 00000000  r1d: 00000000
  r6: 00000002  re: 00000000  r16: 00000000  r1e: 00000000
  r7: ffffffff  rf: 00000000  r17: 00000000  r1f: 00000000
  cc: 1
at 1c, shl   r2,r4,r8
  r0: 00000000  r8: 00000004  r10: 00000000  r18: 00000000
  r1: 00000001  r9: 00000000  r11: 00000000  r19: 00000000
  r2: 00000002  ra: 00000000  r12: 00000000  r1a: 00000000
  r3: 00000003  rb: 00000000  r13: 00000000  r1b: 00000000
  r4: 00000001  rc: 00000000  r14: 00000000  r1c: 00000000
  r5: ffffffff  rd: 00000000  r15: 00000000  r1d: 00000000
  r6: 00000002  re: 00000000  r16: 00000000  r1e: 00000000
  r7: ffffffff  rf: 00000000  r17: 00000000  r1f: 00000000
  cc: 1
at 20, shli  4,r8,r9
  r0: 00000000  r8: 00000004  r10: 00000000  r18: 00000000
  r1: 00000001  r9: 00000040  r11: 00000000  r19: 00000000
  r2: 00000002  ra: 00000000  r12: 00000000  r1a: 00000000
  r3: 00000003  rb: 00000000  r13: 00000000  r1b: 00000000
  r4: 00000001  rc: 00000000  r14: 00000000  r1c: 00000000
  r5: ffffffff  rd: 00000000  r15: 00000000  r1d: 00000000
  r6: 00000002  re: 00000000  r16: 00000000  r1e: 00000000
  r7: ffffffff  rf: 00000000  r17: 00000000  r1f: 00000000
  cc: 1
at 24, shri  2,r9,ra
  r0: 00000000  r8: 00000004  r10: 00000000  r18: 00000000
  r1: 00000001  r9: 00000040  r11: 00000000  r19: 00000000
  r2: 00000002  ra: 00000010  r12: 00000000  r1a: 00000000
  r3: 00000003  rb: 00000000  r13: 00000000  r1b: 00000000
  r4: 00000001  rc: 00000000  r14: 00000000  r1c: 00000000
  r5: ffffffff  rd: 00000000  r15: 00000000  r1d: 00000000
  r6: 00000002  re: 00000000  r16: 00000000  r1e: 00000000
  r7: ffffffff  rf: 00000000  r17: 00000000  r1f: 00000000
  cc: 1
at 28, shrai 10,r5,rb
  r0: 00000000  r8: 00000004  r10: 00000000  r18: 00000000
  r1: 00000001  r9: 00000040  r11: 00000000  r19: 00000000
  r2: 00000002  ra: 00000010  r12: 00000000  r1a: 00000000
  r3: 00000003  rb: ffffffff  r13: 00000000  r1b: 00000000
  r4: 00000001  rc: 00000000  r14: 00000000  r1c: 00000000
  r5: ffffffff  rd: 00000000  r15: 00000000  r1d: 00000000
  r6: 00000002  re: 00000000  r16: 00000000  r1e: 00000000
  r7: ffffffff  rf: 00000000  r17: 00000000  r1f: 00000000
  cc: 1
at 2c, shr   r2,rb,rc
  r0: 00000000  r8: 00000004  r10: 00000000  r18: 00000000
  r1: 00000001  r9: 00000040  r11: 00000000  r19: 00000000
  r2: 00000002  ra: 00000010  r12: 00000000  r1a: 00000000
  r3: 00000003  rb: ffffffff  r13: 00000000  r1b: 00000000
  r4: 00000001  rc: 3fffffff  r14: 00000000  r1c: 00000000
  r5: ffffffff  rd: 00000000  r15: 00000000  r1d: 00000000
  r6: 00000002  re: 00000000  r16: 00000000  r1e: 00000000
  r7: ffffffff  rf: 00000000  r17: 00000000  r1f: 00000000
  cc: 1
at 30, shr   r2,r5,rd
  r0: 00000000  r8: 00000004  r10: 00000000  r18: 00000000
  r1: 00000001  r9: 00000040  r11: 00000000  r19: 00000000
  r2: 00000002  ra: 00000010  r12: 00000000  r1a: 00000000
  r3: 00000003  rb: ffffffff  r13: 00000000  r1b: 00000000
  r4: 00000001  rc: 3fffffff  r14: 00000000  r1c: 00000000
  r5: ffffffff  rd: 3fffffff  r15: 00000000  r1d: 00000000
  r6: 00000002  re: 00000000  r16: 00000000  r1e: 00000000
  r7: ffffffff  rf: 00000000  r17: 00000000  r1f: 00000000
  cc: 1
at 34, shra  r2,r5,re
  r0: 00000000  r8: 00000004  r10: 00000000  r18: 00000000
  r1: 00000001  r9: 00000040  r11: 00000000  r19: 00000000
  r2: 00000002  ra: 00000010  r12: 00000000  r1a: 00000000
  r3: 00000003  rb: ffffffff  r13: 00000000  r1b: 00000000
  r4: 00000001  rc: 3fffffff  r14: 00000000  r1c: 00000000
  r5: ffffffff  rd: 3fffffff  r15: 00000000  r1d: 00000000
  r6: 00000002  re: ffffffff  r16: 00000000  r1e: 00000000
  r7: ffffffff  rf: 00000000  r17: 00000000  r1f: 00000000
  cc: 1
at 38, halt
  r0: 00000000  r8: 00000004  r10: 00000000  r18: 00000000
  r1: 00000001  r9: 00000040  r11: 00000000  r19: 00000000
  r2: 00000002  ra: 00000010  r12: 00000000  r1a: 00000000
  r3: 00000003  rb: ffffffff  r13: 00000000  r1b: 00000000
  r4: 00000001  rc: 3fffffff  r14: 00000000  r1c: 00000000
  r5: ffffffff  rd: 3fffffff  r15: 00000000  r1d: 00000000
  r6: 00000002  re: ffffffff  r16: 00000000  r1e: 00000000
  r7: ffffffff  rf: 00000000  r17: 00000000  r1f: 00000000
  cc: 1

execution statistics (in decimal):
  instruction fetches = 15
  data words read     = 0
  data words written  = 0
  branches executed   = 0
  branches taken      = 0
