instruction trace:
at 00, adds  4,r0,r1
at 04, adds  ffff,r1,r1
at 08, btnei 0,r1,fffe (= decimal -2)
at 04, adds  ffff,r1,r1
at 08, btnei 0,r1,fffe (= decimal -2)
at 04, adds  ffff,r1,r1
at 08, btnei 0,r1,fffe (= decimal -2)
at 04, adds  ffff,r1,r1
at 08, btnei 0,r1,fffe (= decimal -2)
at 0c, adds  0,r0,r2
at 10, adds  a,r0,r3
at 14, adds  1,r2,r2
at 18, btne  r2,r3,fffe (= decimal -2)
at 14, adds  1,r2,r2
at 18, btne  r2,r3,fffe (= decimal -2)
at 14, adds  1,r2,r2
at 18, btne  r2,r3,fffe (= decimal -2)
at 14, adds  1,r2,r2
at 18, btne  r2,r3,fffe (= decimal -2)
at 14, adds  1,r2,r2
at 18, btne  r2,r3,fffe (= decimal -2)
at 14, adds  1,r2,r2
at 18, btne  r2,r3,fffe (= decimal -2)
at 14, adds  1,r2,r2
at 18, btne  r2,r3,fffe (= decimal -2)
at 14, adds  1,r2,r2
at 18, btne  r2,r3,fffe (= decimal -2)
at 14, adds  1,r2,r2
at 18, btne  r2,r3,fffe (= decimal -2)
at 14, adds  1,r2,r2
at 18, btne  r2,r3,fffe (= decimal -2)
at 1c, halt
  r0: 00000000  r8: 00000000  r10: 00000000  r18: 00000000
  r1: 00000000  r9: 00000000  r11: 00000000  r19: 00000000
  r2: 0000000a  ra: 00000000  r12: 00000000  r1a: 00000000
  r3: 0000000a  rb: 00000000  r13: 00000000  r1b: 00000000
  r4: 00000000  rc: 00000000  r14: 00000000  r1c: 00000000
  r5: 00000000  rd: 00000000  r15: 00000000  r1d: 00000000
  r6: 00000000  re: 00000000  r16: 00000000  r1e: 00000000
  r7: 00000000  rf: 00000000  r17: 00000000  r1f: 00000000
  cc: 0

execution statistics (in decimal):
  instruction fetches = 32
  data words read     = 0
  data words written  = 0
  branches executed   = 14
  branches taken      = 12 (85.7%)
